<?xml version="1.0" encoding="UTF-8"?>
<!-- Generated by org.testng.reporters.JUnitXMLReporter -->
<testsuite ignored="0" hostname="DESKTOP-RK086OU" failures="0" tests="7" name="Default test" time="123.706" errors="0" timestamp="2023-01-11T08:50:18 IST">
  <testcase classname="hrm.testpages.Education_TestFunctionality2" name="Vlaidate_Printer_Settings" time="0.01"/>
  <testcase classname="hrm.testpages.Education_TestFunctionality2" name="Vlaidate_validSendkeys" time="22.283"/>
  <testcase classname="hrm.testpages.Education_TestFunctionality2" name="Vlaidate_AdminPage" time="15.088"/>
  <testcase classname="hrm.testpages.Education_TestFunctionality2" name="Validate_qualification" time="14.424"/>
  <testcase classname="hrm.testpages.Education_TestFunctionality2" name="Validate_qualification_One" time="17.769"/>
  <testcase classname="hrm.testpages.Education_TestFunctionality2" name="Validate_qualification_Two" time="16.481"/>
  <testcase classname="hrm.testpages.Education_TestFunctionality2" name="Validate_qualification_Sendkeys" time="20.068"/>
</testsuite> <!-- Default test -->
