<?xml version="1.0" encoding="UTF-8"?>
<!-- Generated by org.testng.reporters.JUnitXMLReporter -->
<testsuite ignored="0" hostname="DESKTOP-981224S" failures="0" tests="55" name="Test.xml" time="694.136" errors="0" timestamp="2023-01-13T08:34:57 IST">
  <testcase classname="hrm.testpages.AdminPageTestFunctionality" name="Vlaidate_Printer_Settings" time="0.021"/>
  <testcase classname="hrm.testpages.AdminPageTestFunctionality" name="Vlaidate_validSendkeys" time="16.969"/>
  <testcase classname="hrm.testpages.AdminPageTestFunctionality" name="Vlaidate_AdminPage" time="12.513"/>
  <testcase classname="hrm.testpages.AdminPageTestFunctionality" name="Vlaidate_SystemUserpage" time="9.592"/>
  <testcase classname="hrm.testpages.AdminPageTestFunctionality" name="Vlaidate_SystemUserpage_One" time="9.605"/>
  <testcase classname="hrm.testpages.AdminPageTestFunctionality" name="Vlaidate_SystemUserpage_two" time="6.936"/>
  <testcase classname="hrm.testpages.Job_PageTestFunctinality" name="Vlaidate_Printer_Settings" time="0.002"/>
  <testcase classname="hrm.testpages.Job_PageTestFunctinality" name="Vlaidate_validSendkeys" time="15.833"/>
  <testcase classname="hrm.testpages.Job_PageTestFunctinality" name="Vlaidate_AdminPage" time="10.035"/>
  <testcase classname="hrm.testpages.Job_PageTestFunctinality" name="Vlaidate_JobPageclick" time="7.296"/>
  <testcase classname="hrm.testpages.Job_PageTestFunctinality" name="Vlaidate_JobPageTwoclick" time="14.489"/>
  <testcase classname="hrm.testpages.Job_PageTestFunctinality" name="Vlaidate_JobPagethreeclick" time="14.353"/>
  <testcase classname="hrm.testpages.hrm_loginfunctionality_testpage" name="Vlaidate_Printer_Settings" time="0.002"/>
  <testcase classname="hrm.testpages.hrm_loginfunctionality_testpage" name="Vlaidate_HomePageTiltes" time="0.042"/>
  <testcase classname="hrm.testpages.hrm_loginfunctionality_testpage" name="Vlaidate_HomaPage_image" time="3.346"/>
  <testcase classname="hrm.testpages.hrm_loginfunctionality_testpage" name="Vlaidate_HomaPage_text" time="2.192"/>
  <testcase classname="hrm.testpages.hrm_loginfunctionality_testpage" name="Vlaidate_Sendkeys" time="26.295"/>
  <testcase classname="hrm.testpages.hrm_loginfunctionality_testpage" name="Validate_ErrorMessage" time="0.055"/>
  <testcase classname="hrm.testpages.hrm_loginfunctionality_testpage" name="Vlaidate_InvalidSendkeys" time="14.794"/>
  <testcase classname="hrm.testpages.hrm_loginfunctionality_testpage" name="Vlaidate_validSendkeys" time="14.822"/>
  <testcase classname="hrm.testpages.qualificationsTestFunctionality" name="Vlaidate_Printer_Settings" time="0.003"/>
  <testcase classname="hrm.testpages.qualificationsTestFunctionality" name="Vlaidate_validSendkeys" time="15.634"/>
  <testcase classname="hrm.testpages.qualificationsTestFunctionality" name="Vlaidate_AdminPage" time="10.848"/>
  <testcase classname="hrm.testpages.qualificationsTestFunctionality" name="Validate_qualification" time="10.453"/>
  <testcase classname="hrm.testpages.qualificationsTestFunctionality" name="Validate_qualification_One" time="14.403"/>
  <testcase classname="hrm.testpages.qualificationsTestFunctionality" name="Validate_qualification_Two" time="14.367"/>
  <testcase classname="hrm.testpages.qualificationsTestFunctionality" name="Validate_qualification_Sendkeys" time="24.792"/>
  <testcase classname="hrm.testpages.Languages_TestFunctionality2" name="Vlaidate_Printer_Settings" time="0.002"/>
  <testcase classname="hrm.testpages.Languages_TestFunctionality2" name="Vlaidate_validSendkeys" time="17.684"/>
  <testcase classname="hrm.testpages.Languages_TestFunctionality2" name="Vlaidate_AdminPage" time="8.12"/>
  <testcase classname="hrm.testpages.Languages_TestFunctionality2" name="Validate_qualification" time="11.544"/>
  <testcase classname="hrm.testpages.Languages_TestFunctionality2" name="Validate_qualification_One" time="14.165"/>
  <testcase classname="hrm.testpages.Languages_TestFunctionality2" name="Validate_qualification_Two" time="14.949"/>
  <testcase classname="hrm.testpages.Languages_TestFunctionality2" name="Validate_qualification_Sendkeys" time="18.434"/>
  <testcase classname="hrm.testpages.Membership_TestFunctionality3" name="Vlaidate_Printer_Settings" time="0.002"/>
  <testcase classname="hrm.testpages.Membership_TestFunctionality3" name="Vlaidate_validSendkeys" time="15.965"/>
  <testcase classname="hrm.testpages.Membership_TestFunctionality3" name="Vlaidate_AdminPage" time="9.01"/>
  <testcase classname="hrm.testpages.Membership_TestFunctionality3" name="Validate_qualification" time="10.285"/>
  <testcase classname="hrm.testpages.Membership_TestFunctionality3" name="Validate_qualification_One" time="14.313"/>
  <testcase classname="hrm.testpages.Membership_TestFunctionality3" name="Validate_qualification_Two" time="14.269"/>
  <testcase classname="hrm.testpages.Membership_TestFunctionality3" name="Validate_qualification_Sendkeys" time="18.381"/>
  <testcase classname="hrm.testpages.License_TestFunctionality" name="Vlaidate_Printer_Settings" time="0.004"/>
  <testcase classname="hrm.testpages.License_TestFunctionality" name="Vlaidate_validSendkeys" time="22.434"/>
  <testcase classname="hrm.testpages.License_TestFunctionality" name="Vlaidate_AdminPage" time="12.717"/>
  <testcase classname="hrm.testpages.License_TestFunctionality" name="Validate_qualification" time="10.815"/>
  <testcase classname="hrm.testpages.License_TestFunctionality" name="Validate_qualification_One" time="14.378"/>
  <testcase classname="hrm.testpages.License_TestFunctionality" name="Validate_qualification_Two" time="15.565"/>
  <testcase classname="hrm.testpages.License_TestFunctionality" name="Validate_qualification_Sendkeys" time="19.301"/>
  <testcase classname="hrm.testpages.Education_TestFunctionality2" name="Vlaidate_Printer_Settings" time="0.003"/>
  <testcase classname="hrm.testpages.Education_TestFunctionality2" name="Vlaidate_validSendkeys" time="16.153"/>
  <testcase classname="hrm.testpages.Education_TestFunctionality2" name="Vlaidate_AdminPage" time="10.976"/>
  <testcase classname="hrm.testpages.Education_TestFunctionality2" name="Validate_qualification" time="10.155"/>
  <testcase classname="hrm.testpages.Education_TestFunctionality2" name="Validate_qualification_One" time="14.382"/>
  <testcase classname="hrm.testpages.Education_TestFunctionality2" name="Validate_qualification_Two" time="14.051"/>
  <testcase classname="hrm.testpages.Education_TestFunctionality2" name="Validate_qualification_Sendkeys" time="18.79"/>
</testsuite> <!-- Test.xml -->
