<?xml version="1.0" encoding="UTF-8"?>
<testng-results ignored="0" total="7" passed="7" failed="0" skipped="0">
  <reporter-output>
  </reporter-output>
  <suite started-at="2023-01-11T08:48:14 IST" name="Default suite" finished-at="2023-01-11T08:50:18 IST" duration-ms="123706">
    <groups>
    </groups>
    <test started-at="2023-01-11T08:48:14 IST" name="Default test" finished-at="2023-01-11T08:50:18 IST" duration-ms="123706">
      <class name="hrm.testpages.Education_TestFunctionality2">
        <test-method is-config="true" signature="Windowopen()[pri:0, instance:hrm.testpages.Education_TestFunctionality2@49c7b90e]" started-at="2023-01-11T08:48:14 IST" name="Windowopen" finished-at="2023-01-11T08:48:31 IST" duration-ms="17370" status="PASS">
          <reporter-output>
          </reporter-output>
        </test-method> <!-- Windowopen -->
        <test-method signature="Vlaidate_Printer_Settings()[pri:0, instance:hrm.testpages.Education_TestFunctionality2@49c7b90e]" started-at="2023-01-11T08:48:31 IST" name="Vlaidate_Printer_Settings" finished-at="2023-01-11T08:48:31 IST" duration-ms="10" status="PASS">
          <reporter-output>
          </reporter-output>
        </test-method> <!-- Vlaidate_Printer_Settings -->
        <test-method is-config="true" signature="takeScreenShot(org.testng.ITestResult)[pri:0, instance:hrm.testpages.Education_TestFunctionality2@49c7b90e]" started-at="2023-01-11T08:48:31 IST" name="takeScreenShot" finished-at="2023-01-11T08:48:31 IST" duration-ms="46" status="PASS">
          <params>
            <param index="0">
              <value>
                <![CDATA[[TestResult name=Vlaidate_Printer_Settings status=SUCCESS method=Education_TestFunctionality2.Vlaidate_Printer_Settings()[pri:0, instance:hrm.testpages.Education_TestFunctionality2@49c7b90e] output={null}]]]>
              </value>
            </param>
          </params>
          <reporter-output>
          </reporter-output>
        </test-method> <!-- takeScreenShot -->
        <test-method signature="Vlaidate_validSendkeys()[pri:1, instance:hrm.testpages.Education_TestFunctionality2@49c7b90e]" started-at="2023-01-11T08:48:31 IST" name="Vlaidate_validSendkeys" finished-at="2023-01-11T08:48:54 IST" duration-ms="22283" status="PASS">
          <reporter-output>
          </reporter-output>
        </test-method> <!-- Vlaidate_validSendkeys -->
        <test-method is-config="true" signature="takeScreenShot(org.testng.ITestResult)[pri:0, instance:hrm.testpages.Education_TestFunctionality2@49c7b90e]" started-at="2023-01-11T08:48:54 IST" name="takeScreenShot" finished-at="2023-01-11T08:48:54 IST" duration-ms="1" status="PASS">
          <params>
            <param index="0">
              <value>
                <![CDATA[[TestResult name=Vlaidate_validSendkeys status=SUCCESS method=Education_TestFunctionality2.Vlaidate_validSendkeys()[pri:1, instance:hrm.testpages.Education_TestFunctionality2@49c7b90e] output={null}]]]>
              </value>
            </param>
          </params>
          <reporter-output>
          </reporter-output>
        </test-method> <!-- takeScreenShot -->
        <test-method signature="Vlaidate_AdminPage()[pri:2, instance:hrm.testpages.Education_TestFunctionality2@49c7b90e]" started-at="2023-01-11T08:48:54 IST" name="Vlaidate_AdminPage" finished-at="2023-01-11T08:49:09 IST" duration-ms="15088" status="PASS">
          <reporter-output>
          </reporter-output>
        </test-method> <!-- Vlaidate_AdminPage -->
        <test-method is-config="true" signature="takeScreenShot(org.testng.ITestResult)[pri:0, instance:hrm.testpages.Education_TestFunctionality2@49c7b90e]" started-at="2023-01-11T08:49:09 IST" name="takeScreenShot" finished-at="2023-01-11T08:49:09 IST" duration-ms="5" status="PASS">
          <params>
            <param index="0">
              <value>
                <![CDATA[[TestResult name=Vlaidate_AdminPage status=SUCCESS method=Education_TestFunctionality2.Vlaidate_AdminPage()[pri:2, instance:hrm.testpages.Education_TestFunctionality2@49c7b90e] output={null}]]]>
              </value>
            </param>
          </params>
          <reporter-output>
          </reporter-output>
        </test-method> <!-- takeScreenShot -->
        <test-method signature="Validate_qualification()[pri:3, instance:hrm.testpages.Education_TestFunctionality2@49c7b90e]" started-at="2023-01-11T08:49:09 IST" name="Validate_qualification" finished-at="2023-01-11T08:49:23 IST" duration-ms="14424" status="PASS">
          <reporter-output>
          </reporter-output>
        </test-method> <!-- Validate_qualification -->
        <test-method is-config="true" signature="takeScreenShot(org.testng.ITestResult)[pri:0, instance:hrm.testpages.Education_TestFunctionality2@49c7b90e]" started-at="2023-01-11T08:49:23 IST" name="takeScreenShot" finished-at="2023-01-11T08:49:23 IST" duration-ms="1" status="PASS">
          <params>
            <param index="0">
              <value>
                <![CDATA[[TestResult name=Validate_qualification status=SUCCESS method=Education_TestFunctionality2.Validate_qualification()[pri:3, instance:hrm.testpages.Education_TestFunctionality2@49c7b90e] output={null}]]]>
              </value>
            </param>
          </params>
          <reporter-output>
          </reporter-output>
        </test-method> <!-- takeScreenShot -->
        <test-method signature="Validate_qualification_One()[pri:4, instance:hrm.testpages.Education_TestFunctionality2@49c7b90e]" started-at="2023-01-11T08:49:23 IST" name="Validate_qualification_One" finished-at="2023-01-11T08:49:41 IST" duration-ms="17769" status="PASS">
          <reporter-output>
          </reporter-output>
        </test-method> <!-- Validate_qualification_One -->
        <test-method is-config="true" signature="takeScreenShot(org.testng.ITestResult)[pri:0, instance:hrm.testpages.Education_TestFunctionality2@49c7b90e]" started-at="2023-01-11T08:49:41 IST" name="takeScreenShot" finished-at="2023-01-11T08:49:41 IST" duration-ms="1" status="PASS">
          <params>
            <param index="0">
              <value>
                <![CDATA[[TestResult name=Validate_qualification_One status=SUCCESS method=Education_TestFunctionality2.Validate_qualification_One()[pri:4, instance:hrm.testpages.Education_TestFunctionality2@49c7b90e] output={null}]]]>
              </value>
            </param>
          </params>
          <reporter-output>
          </reporter-output>
        </test-method> <!-- takeScreenShot -->
        <test-method signature="Validate_qualification_Two()[pri:5, instance:hrm.testpages.Education_TestFunctionality2@49c7b90e]" started-at="2023-01-11T08:49:41 IST" name="Validate_qualification_Two" finished-at="2023-01-11T08:49:57 IST" duration-ms="16481" status="PASS">
          <reporter-output>
          </reporter-output>
        </test-method> <!-- Validate_qualification_Two -->
        <test-method is-config="true" signature="takeScreenShot(org.testng.ITestResult)[pri:0, instance:hrm.testpages.Education_TestFunctionality2@49c7b90e]" started-at="2023-01-11T08:49:57 IST" name="takeScreenShot" finished-at="2023-01-11T08:49:57 IST" duration-ms="1" status="PASS">
          <params>
            <param index="0">
              <value>
                <![CDATA[[TestResult name=Validate_qualification_Two status=SUCCESS method=Education_TestFunctionality2.Validate_qualification_Two()[pri:5, instance:hrm.testpages.Education_TestFunctionality2@49c7b90e] output={null}]]]>
              </value>
            </param>
          </params>
          <reporter-output>
          </reporter-output>
        </test-method> <!-- takeScreenShot -->
        <test-method signature="Validate_qualification_Sendkeys()[pri:6, instance:hrm.testpages.Education_TestFunctionality2@49c7b90e]" started-at="2023-01-11T08:49:57 IST" name="Validate_qualification_Sendkeys" finished-at="2023-01-11T08:50:18 IST" duration-ms="20068" status="PASS">
          <reporter-output>
          </reporter-output>
        </test-method> <!-- Validate_qualification_Sendkeys -->
        <test-method is-config="true" signature="takeScreenShot(org.testng.ITestResult)[pri:0, instance:hrm.testpages.Education_TestFunctionality2@49c7b90e]" started-at="2023-01-11T08:50:18 IST" name="takeScreenShot" finished-at="2023-01-11T08:50:18 IST" duration-ms="1" status="PASS">
          <params>
            <param index="0">
              <value>
                <![CDATA[[TestResult name=Validate_qualification_Sendkeys status=SUCCESS method=Education_TestFunctionality2.Validate_qualification_Sendkeys()[pri:6, instance:hrm.testpages.Education_TestFunctionality2@49c7b90e] output={null}]]]>
              </value>
            </param>
          </params>
          <reporter-output>
          </reporter-output>
        </test-method> <!-- takeScreenShot -->
        <test-method is-config="true" signature="Windowclose()[pri:0, instance:hrm.testpages.Education_TestFunctionality2@49c7b90e]" started-at="2023-01-11T08:50:18 IST" name="Windowclose" finished-at="2023-01-11T08:50:18 IST" duration-ms="1" status="PASS">
          <reporter-output>
          </reporter-output>
        </test-method> <!-- Windowclose -->
      </class> <!-- hrm.testpages.Education_TestFunctionality2 -->
    </test> <!-- Default test -->
  </suite> <!-- Default suite -->
</testng-results>
